Using pre-set license
Built from '2020.2/release' branch; Version is '2020.2.1f1 (270dd8c3da1c) revision 2559448'; Using compiler version '192528614'; Build Type 'Release'
OS: 'Windows 10  (10.0.0) 64bit' Language: 'en' Physical Memory: 16320 MB
BatchMode: 1, IsHumanControllingUs: 0, StartBugReporterOnCrash: 0, Is64bit: 1, IsPro: 0

 COMMAND LINE ARGUMENTS:
D:\Program Files (x86)\2020.2.1f1\Editor\Unity.exe
-adb2
-batchMode
-noUpm
-name
AssetImportWorker0
-projectPath
D:/Unity Projects/Leia_Tutorial
-logFile
Logs/AssetImportWorker0.log
-srvPort
62393
Successfully changed project path to: D:/Unity Projects/Leia_Tutorial
D:/Unity Projects/Leia_Tutorial
Using Asset Import Pipeline V2.
Refreshing native plugins compatible for Editor in 74.31 ms, found 6 plugins.
Preloading 1 native plugins for Editor in 0.94 ms.
Initialize engine version: 2020.2.1f1 (270dd8c3da1c)
[Subsystems] Discovering subsystems at path D:/Program Files (x86)/2020.2.1f1/Editor/Data/Resources/UnitySubsystems
[Subsystems] Discovering subsystems at path D:/Unity Projects/Leia_Tutorial/Assets
GfxDevice: creating device client; threaded=0
Direct3D:
    Version:  Direct3D 11.0 [level 11.1]
    Renderer: NVIDIA GeForce GTX 970 (ID=0x13c2)
    Vendor:   
    VRAM:     4043 MB
    Driver:   27.21.14.5671
Shader 'Universal Render Pipeline/Particles/Lit': fallback shader 'Universal Render Pipeline/Particles/SimpleLit' not found
Initialize mono
Mono path[0] = 'D:/Program Files (x86)/2020.2.1f1/Editor/Data/Managed'
Mono path[1] = 'D:/Program Files (x86)/2020.2.1f1/Editor/Data/MonoBleedingEdge/lib/mono/unityjit'
Mono config path = 'D:/Program Files (x86)/2020.2.1f1/Editor/Data/MonoBleedingEdge/etc'
Using monoOptions --debugger-agent=transport=dt_socket,embedding=1,server=y,suspend=n,address=127.0.0.1:56844
Begin MonoManager ReloadAssembly
Registering precompiled unity dll's ...
Register platform support module: D:/Program Files (x86)/2020.2.1f1/Editor/Data/PlaybackEngines/WindowsStandaloneSupport/UnityEditor.WindowsStandalone.Extensions.dll
Registered in 0.001020 seconds.
Native extension for WindowsStandalone target not found
Refreshing native plugins compatible for Editor in 69.35 ms, found 6 plugins.
Preloading 1 native plugins for Editor in 0.07 ms.
Invoked RoslynAnalysisRunner static constructor.
RoslynAnalysisRunner will not be running.
RoslynAnalysisRunner has terminated.
Mono: successfully reloaded assembly
- Completed reload, in  0.988 seconds
Platform modules already initialized, skipping
Registering precompiled user dll's ...
Registered in 0.003652 seconds.
Begin MonoManager ReloadAssembly
Native extension for WindowsStandalone target not found
Refreshing native plugins compatible for Editor in 86.02 ms, found 6 plugins.
Preloading 1 native plugins for Editor in 0.06 ms.
Invoked RoslynAnalysisRunner static constructor.
RoslynAnalysisRunner will not be running.
RoslynAnalysisRunner has terminated.
Mono: successfully reloaded assembly
- Completed reload, in  1.918 seconds
Platform modules already initialized, skipping
========================================================================
Worker process is ready to serve import requests
Shader 'Universal Render Pipeline/Particles/Lit': fallback shader 'Universal Render Pipeline/Particles/SimpleLit' not found
Launched and connected shader compiler UnityShaderCompiler.exe after 0.03 seconds
Refreshing native plugins compatible for Editor in 0.87 ms, found 6 plugins.
Preloading 1 native plugins for Editor in 0.07 ms.
Unloading 3936 Unused Serialized files (Serialized files now loaded: 0)
System memory in use before: 186.7 MB.
System memory in use after: 186.6 MB.

Unloading 1757 unused Assets to reduce memory usage. Loaded Objects now: 4200.
Total: 7.133300 ms (FindLiveObjects: 0.866200 ms CreateObjectMapping: 0.503400 ms MarkObjects: 2.631800 ms  DeleteObjects: 3.130600 ms)

========================================================================
Received Import Request.
  path: Assets/Shaders/GreenKey.shadergraph
  artifactKey: Guid(5cb6490fa65aea74391411f99f771848) Importer(815301076,1909f56bfc062723c751e8b465ee728b)
Start importing Assets/Shaders/GreenKey.shadergraph using Guid(5cb6490fa65aea74391411f99f771848) Importer(815301076,1909f56bfc062723c751e8b465ee728b)  -> (artifact id: '94bff0f4dc0b9fa6b558f7acd20a475a') in 0.056045 seconds
  Import took 0.065974 seconds .

========================================================================
Received Import Request.
  Time since last request: 0.029214 seconds.
  path: Assets/Shaders/GreenKey.shadergraph
  artifactKey: Guid(5cb6490fa65aea74391411f99f771848) Importer(815301076,1909f56bfc062723c751e8b465ee728b)
Start importing Assets/Shaders/GreenKey.shadergraph using Guid(5cb6490fa65aea74391411f99f771848) Importer(815301076,1909f56bfc062723c751e8b465ee728b)  -> (artifact id: '94bff0f4dc0b9fa6b558f7acd20a475a') in 0.004409 seconds
  Import took 0.014086 seconds .

========================================================================
Received Import Request.
  Time since last request: 4378.866555 seconds.
  path: Assets/Scenes/SampleScene.unity
  artifactKey: Guid(9fc0d4010bbf28b4594072e72b8655ab) Importer(815301076,1909f56bfc062723c751e8b465ee728b)
Start importing Assets/Scenes/SampleScene.unity using Guid(9fc0d4010bbf28b4594072e72b8655ab) Importer(815301076,1909f56bfc062723c751e8b465ee728b)  -> (artifact id: '8154295d720e4ffddf8d15f8db1a5552') in 0.004708 seconds
  Import took 0.017096 seconds .

========================================================================
Received Import Request.
  Time since last request: 9.436151 seconds.
  path: Assets/Scenes/LeiaScene.unity
  artifactKey: Guid(6b29a7ebba2206f45ac2a61544ffc925) Importer(815301076,1909f56bfc062723c751e8b465ee728b)
Start importing Assets/Scenes/LeiaScene.unity using Guid(6b29a7ebba2206f45ac2a61544ffc925) Importer(815301076,1909f56bfc062723c751e8b465ee728b)  -> (artifact id: '97efa3376e766aad981029a3622f6627') in 0.009322 seconds
  Import took 0.020650 seconds .

========================================================================
Received Prepare
Registering precompiled user dll's ...
Registered in 0.004340 seconds.
Begin MonoManager ReloadAssembly
Native extension for WindowsStandalone target not found
Refreshing native plugins compatible for Editor in 1.89 ms, found 6 plugins.
Preloading 1 native plugins for Editor in 0.10 ms.
Invoked RoslynAnalysisRunner static constructor.
RoslynAnalysisRunner will not be running.
RoslynAnalysisRunner has terminated.
Error when attempting to update scene info fields. Scene info data may be stale.
UnityEngine.StackTraceUtility:ExtractStackTrace ()
UnityEngine.DebugLogHandler:LogFormat (UnityEngine.LogType,UnityEngine.Object,string,object[])
UnityEngine.Logger:Log (UnityEngine.LogType,object)
UnityEngine.Debug:LogWarning (object)
Microsoft.MixedReality.Toolkit.Editor.SceneInfoUtils:RefreshSceneInfoFieldsInScriptableObjects () (at Assets/MRTK/Core/Inspectors/PropertyDrawers/SceneInfoUtils.cs:313)
Microsoft.MixedReality.Toolkit.Editor.SceneInfoUtils:InitializeOnLoad () (at Assets/MRTK/Core/Inspectors/PropertyDrawers/SceneInfoUtils.cs:231)

(Filename: Assets/MRTK/Core/Inspectors/PropertyDrawers/SceneInfoUtils.cs Line: 313)

Mono: successfully reloaded assembly
- Completed reload, in  2.007 seconds
Platform modules already initialized, skipping
Shader 'Universal Render Pipeline/Particles/Lit': fallback shader 'Universal Render Pipeline/Particles/SimpleLit' not found
Refreshing native plugins compatible for Editor in 1.14 ms, found 6 plugins.
Preloading 1 native plugins for Editor in 0.17 ms.
Unloading 3736 Unused Serialized files (Serialized files now loaded: 0)
System memory in use before: 171.9 MB.
System memory in use after: 171.6 MB.

Unloading 1709 unused Assets to reduce memory usage. Loaded Objects now: 4203.
Total: 9.325800 ms (FindLiveObjects: 1.297200 ms CreateObjectMapping: 0.766400 ms MarkObjects: 4.034300 ms  DeleteObjects: 3.213800 ms)

AssetImportWorkerClient::OnTransportError - code=2 error=End of file
